<?xml version="1.0" encoding="UTF-8"?>
<!-- Generated by org.testng.reporters.JUnitXMLReporter -->
<testsuite hostname="DESKTOP-5VBH2SA" ignored="0" name="Default test" tests="3" failures="0" timestamp="2021-04-27T00:05:59 IST" time="45.242" errors="0">
  <testcase name="login" time="14.798" classname="encapsulations.Tester5Main"/>
  <testcase name="login" time="13.849" classname="encapsulations.Tester5Main"/>
  <testcase name="login" time="16.509" classname="encapsulations.Tester5Main"/>
</testsuite> <!-- Default test -->
