<?xml version="1.0" encoding="UTF-8"?>
<testng-results skipped="0" failed="0" ignored="0" total="3" passed="3">
  <reporter-output>
  </reporter-output>
  <suite name="Default suite" duration-ms="45242" started-at="2021-04-27T00:05:14 IST" finished-at="2021-04-27T00:05:59 IST">
    <groups>
    </groups>
    <test name="Default test" duration-ms="45242" started-at="2021-04-27T00:05:14 IST" finished-at="2021-04-27T00:05:59 IST">
      <class name="encapsulations.Tester5Main">
        <test-method status="PASS" signature="login(java.lang.String, java.lang.String)[pri:0, instance:encapsulations.Tester5Main@1f554b06]" name="login" duration-ms="14798" started-at="2021-04-27T00:05:14 IST" data-provider="getData" finished-at="2021-04-27T00:05:29 IST">
          <params>
            <param index="0">
              <value>
                <![CDATA[adm]]>
              </value>
            </param>
            <param index="1">
              <value>
                <![CDATA[man]]>
              </value>
            </param>
          </params>
          <reporter-output>
          </reporter-output>
        </test-method> <!-- login -->
        <test-method status="PASS" signature="login(java.lang.String, java.lang.String)[pri:0, instance:encapsulations.Tester5Main@1f554b06]" name="login" duration-ms="13849" started-at="2021-04-27T00:05:29 IST" data-provider="getData" finished-at="2021-04-27T00:05:42 IST">
          <params>
            <param index="0">
              <value>
                <![CDATA[dinga]]>
              </value>
            </param>
            <param index="1">
              <value>
                <![CDATA[dingi]]>
              </value>
            </param>
          </params>
          <reporter-output>
          </reporter-output>
        </test-method> <!-- login -->
        <test-method status="PASS" signature="login(java.lang.String, java.lang.String)[pri:0, instance:encapsulations.Tester5Main@1f554b06]" name="login" duration-ms="16509" started-at="2021-04-27T00:05:42 IST" data-provider="getData" finished-at="2021-04-27T00:05:59 IST">
          <params>
            <param index="0">
              <value>
                <![CDATA[admin]]>
              </value>
            </param>
            <param index="1">
              <value>
                <![CDATA[manager]]>
              </value>
            </param>
          </params>
          <reporter-output>
          </reporter-output>
        </test-method> <!-- login -->
      </class> <!-- encapsulations.Tester5Main -->
    </test> <!-- Default test -->
  </suite> <!-- Default suite -->
</testng-results>
